[debug] [2026-03-30T07:16:12.188Z] ----------------------------------------------------------------------
[debug] [2026-03-30T07:16:12.190Z] Command:       C:\Program Files\nodejs\node.exe C:\Users\Kiran.Ganachari\AppData\Roaming\npm\node_modules\firebase-tools\lib\bin\firebase.js init
[debug] [2026-03-30T07:16:12.190Z] CLI Version:   15.12.0
[debug] [2026-03-30T07:16:12.191Z] Platform:      win32
[debug] [2026-03-30T07:16:12.191Z] Node Version:  v25.8.2
[debug] [2026-03-30T07:16:12.191Z] Time:          Mon Mar 30 2026 12:46:12 GMT+0530 (India Standard Time)
[debug] [2026-03-30T07:16:12.191Z] ----------------------------------------------------------------------
[debug] 
[info] 
     ######## #### ########  ######## ########     ###     ######  ########
     ##        ##  ##     ## ##       ##     ##  ##   ##  ##       ##
     ######    ##  ########  ######   ########  #########  ######  ######
     ##        ##  ##    ##  ##       ##     ## ##     ##       ## ##
     ##       #### ##     ## ######## ########  ##     ##  ######  ########

You're about to initialize a Firebase project in this directory:

  C:\Users\Kiran.Ganachari\Downloads\billing-app

[info] 
=== Project Setup
[info] 
[info] First, let's associate this project directory with a Firebase project.
[info] You can create multiple project aliases by running firebase use --add, 
[info] 
[debug] [2026-03-30T07:16:25.139Z] > command requires scopes: ["email","openid","https://www.googleapis.com/auth/cloudplatformprojects.readonly","https://www.googleapis.com/auth/firebase","https://www.googleapis.com/auth/cloud-platform"]
[debug] [2026-03-30T07:16:25.139Z] > authorizing via signed-in user (varalakshmim7406@gmail.com)
[debug] [2026-03-30T07:16:25.140Z] Checked if tokens are valid: true, expires at: 1774858505701
[debug] [2026-03-30T07:16:25.140Z] Checked if tokens are valid: true, expires at: 1774858505701
[debug] [2026-03-30T07:16:25.142Z] >>> [apiv2][query] GET https://firebase.googleapis.com/v1beta1/projects/billing-app-ef7aa [none]
[debug] [2026-03-30T07:16:26.494Z] <<< [apiv2][status] GET https://firebase.googleapis.com/v1beta1/projects/billing-app-ef7aa 403
[debug] [2026-03-30T07:16:26.494Z] <<< [apiv2][body] GET https://firebase.googleapis.com/v1beta1/projects/billing-app-ef7aa {"error":{"code":403,"message":"The caller does not have permission","status":"PERMISSION_DENIED"}}
[debug] [2026-03-30T07:16:26.495Z] Request to https://firebase.googleapis.com/v1beta1/projects/billing-app-ef7aa had HTTP Error: 403, The caller does not have permission
[debug] [2026-03-30T07:16:26.790Z] FirebaseError: Request to https://firebase.googleapis.com/v1beta1/projects/billing-app-ef7aa had HTTP Error: 403, The caller does not have permission
    at responseToError (C:\Users\Kiran.Ganachari\AppData\Roaming\npm\node_modules\firebase-tools\lib\responseToError.js:53:12)
    at RetryOperation._fn (C:\Users\Kiran.Ganachari\AppData\Roaming\npm\node_modules\firebase-tools\lib\apiv2.js:333:77)
    at process.processTicksAndRejections (node:internal/process/task_queues:104:5)
[error] 
[error] Error: Failed to get Firebase project billing-app-ef7aa. Please make sure the project exists and your account has permission to access it.
